Input format: ./exe graph-file-name (json formated file)
/home/huyang/data/facebook/2d
N1 32 N2 9
0 1643624 3024123 4373256 5853277 7484079 9217583 11056829 13022299 15063698 17185506 19401179 21717434 24107377 26578915 29109282 31719261 34883399 38963151 43042903 47122655 51202408 55282160 59361912 63441664 67521416 71601168 75680921 79760673 83840425 87920177 91999929 0 1628884 3185547 4830372 6704845 8790950 10995225 13362986 15857979 18479876 21234380 24068986 27010366 30039886 33153441 35533689 37893163 40322939 42797858 45349962 47958298 51202173 55281947 59361720 63441494 67521267 71601041 75680814 79760588 83840361 87920135 91999908 0 1556194 3102512 4750028 6599992 8682522 10861389 13239767 15721985 18321288 21067003 23905563 26856118 29860724 32985699 36184385 39459900 42793460 46170293 49578730 52032974 54552777 57133890 59783124 63441801 67521536 71601271 75681006 79760741 83840476 87920211 91999946 0 1653101 3207689 4860379 6744238 8843661 11051560 13435004 15940189 18571857 21320986 24156944 27095146 30115191 33232073 36423589 39693779 43017417 46391584 49825702 53307858 56844563 60400422 62982060 65559866 68204789 71601059 75680829 79760600 83840370 87920141 91999911 0 1607096 3159294 4800672 6676302 8771106 10980958 13333877 15822110 18436721 21175743 24008774 26945449 29949592 33069128 36257712 39525758 42845917 46183810 49610505 53095973 56647920 60232031 63864316 67535659 70703261 73300814 75967067 79760741 83840476 87920211 91999946 0 1627588 3152753 4790903 6659242 8735219 10928624 13316539 15816757 18428679 21162706 24006806 26965246 29988978 33109923 36302801 39573396 42912791 46292676 49730479 53224220 56757355 60327954 63953555 67617158 71307581 75031720 78079884 80712421 83840381 87920148 91999915 0 1574790 3084348 4727721 6581046 8666851 10831526 13208940 15718566 18357261 21110778 23967757 26925963 29955214 33092806 36294227 39563127 42900182 46279489 49714965 53203400 56749160 60329515 63954907 67622060 71316760 75047901 78805122 82576794 85196367 87920208 91999945 0 1654001 3176925 4818928 6694753 8780524 10990405 13373537 15878100 18500634 21247678 24082057 27034893 30067810 33194081 36381435 39639906 42969077 46345689 49786864 53278832 56815128 60380238 64002888 67666626 71357163 75083249 78838496 82616561 86422800 89475855 92150681 0 969300 1946177 3377486 5192910 7268644 9525943 11897990 14474805 17147567 19948968 22875865 25887907 28976024 32158334 35418914 38746983 42132213 45570065 49054692 52597411 56187533 59805576 63477475 67181729 70913383 74672754 78464166 82277568 86113894 89969719 93397470 
total number = 3145181295
edge error = 0
time = 120.587
time of io = 99.2543
time of tc = 20.9765
Input format: ./exe graph-file-name (json formated file)
/home/huyang/data/orkut/2d
N1 8 N2 7
0 430758 937809 1269367 1583435 1966112 2485920 4716183 0 941628 1161800 1373867 1571390 1885303 2451390 4722168 0 940630 1160265 1373022 1573649 1895744 2452396 4720206 0 959298 1166775 1360951 1548947 1790178 2433514 4719552 0 522047 1034806 1310375 1579248 1952918 2574379 4719525 0 318991 794272 1210664 1771927 2729644 4090716 5752534 0 344942 740956 1219617 1967797 2995816 4474719 6513509 
total number = 223127577
edge error = 0
time = 63.9787
time of io = 53.7952
time of tc = 10.0911
Input format: ./exe graph-file-name (json formated file)
/home/huyang/data/friendster/2d
N1 31 N2 15
0 520691 870799 1218672 1626840 2163163 2835958 3624528 4446542 5392188 6587548 7885911 9327924 10962290 12815462 14783821 17036839 19363422 21761144 24373213 27225120 30279076 33473987 36867475 40468119 44231302 48110696 52074863 56094009 60154286 64250816 0 1339306 2256144 3035078 3834586 4617064 5412024 6334748 7333229 8401352 9564144 10841303 12260799 13793053 15494367 17356125 19270698 21268060 23406448 25793219 28427703 31225163 34229025 37450460 40907083 44541404 48317653 52204151 56171896 60195088 64270083 0 1770559 2957794 4017381 4723490 5368224 6126049 6982614 7921951 8951773 10076357 11282526 12609201 14041827 15631464 17362263 19229623 21233740 23413535 25825296 28433400 31243425 34295268 37548591 41000989 44615951 48371538 52236527 56191778 60208274 64279894 0 2170961 3660039 4779269 5597774 6359000 7212078 8138605 9137427 10179625 11282550 12458560 13736285 15103493 16591268 18230332 20024926 21991105 24156199 26490161 28994582 31729961 34736309 37922474 41299754 44834302 48516911 52325674 56245227 60235496 64294757 0 2324607 3985327 5227447 6279752 7232953 8165159 9200583 10262142 11363118 12519750 13751355 15053055 16445300 17942630 19550432 21266215 23132840 25202723 27405939 29782534 32390279 35269774 38335457 41609976 45055423 48661824 52415688 56297731 60262205 64307387 0 2478654 4277223 5638893 6818583 7942233 8938272 9986387 11096103 12240318 13444413 14694150 16022814 17424100 18888575 20444566 22099329 23916732 25909594 28040246 30339805 32868520 35674701 38664855 41864068 45245267 48787765 52492152 56340189 60281577 64316231 0 2639623 4581545 6042179 7337645 8552777 9702218 10747239 11887886 13092580 14322609 15612358 16952362 18359106 19823973 21369392 23018248 24825644 26757248 28812411 31047940 33510669 36240047 39132980 42233729 45519114 48976384 52608126 56406874 60314765 64332496 0 2799350 4870926 6440547 7823097 9133695 10381954 11551415 12651562 13882228 15142935 16438683 17784962 19191111 20655870 22205156 23869346 25674834 27557391 29560522 31747471 34175302 36832107 39639167 42638870 45826739 49186404 52741217 56481268 60352009 64350347 0 2883476 5077715 6796877 8309152 9720142 11063075 12376020 13592491 14792740 16114392 17454525 18816189 20215079 21653104 23168885 24805423 26556068 28392252 30349506 32463109 34822380 37380693 40102935 43017894 46117297 49390547 52872843 56559906 60388356 64366208 0 3043070 5395441 7241478 8874805 10372882 11798846 13184975 14550573 15800016 17053763 18410620 19781829 21178124 22626861 24147602 25798674 27512303 29301415 31217042 33305195 35639565 38116540 40753145 43565078 46547192 49701436 53082718 56686615 60452169 64395536 0 3137587 5664571 7749124 9570388 11234313 12859713 14396103 15949749 17411356 18687531 19901443 21157193 22399721 23659142 25049017 26614866 28246701 29946206 31705603 33611998 35768584 38183339 40787451 43579211 46546257 49703327 53083715 56680637 60437873 64378795 0 3257346 6004087 8330654 10367311 12285943 14095307 15899584 17596964 19071274 20337006 21463479 22590749 23720175 24948291 26369533 27877934 29417359 30931011 32494753 34230905 36157282 38474376 40986608 43699471 46599723 49739805 53107770 56688214 60429586 64363501 0 3426486 6391083 8922138 11178052 13328699 15334865 17280578 18989943 20478040 21767789 22989202 24103805 25302660 26711700 28140139 29585297 30959974 32353162 33845732 35484596 37407099 39578144 41944400 44481330 47197227 50192674 53434310 56887244 60520966 64394530 0 3558626 6665235 9350587 11762187 13985550 16122847 18113715 19924248 21542001 23034395 24428486 25863081 27312898 28725211 30113586 31439997 32769101 34225144 35747703 37515361 39439285 41504381 43677455 45981066 48477534 51194293 54178332 57366278 60770054 64498503 0 3718119 7090548 10107775 12893188 15486456 17950003 20257114 22341682 24229110 26075734 27908897 29670744 31298015 32750544 34246532 35738948 37374677 39097802 40844101 42611561 44460356 46299690 48242504 50296852 52472731 54774034 57175704 59696095 62364647 65174332 
total number = 4176922719
edge error = 0
time = 851.757
time of io = 710.021
time of tc = 139.22
Input format: ./exe graph-file-name (json formated file)
/home/huyang/data/twitter/2d
N1 22 N2 12
0 309105 890781 1540254 2257968 3150398 3994367 4334071 5146220 5882565 7486050 8821082 10383762 12047272 14102846 16286945 18990998 22222610 25806311 29559382 33442788 37507639 0 461819 1033600 1876745 2987305 3821894 4298714 5125361 5776288 7187890 8391570 9919604 11599629 13295523 15099127 17276647 19883230 22936784 26210123 29799792 33628064 37602106 0 507454 1250522 2189697 3289493 4062423 4376780 5182985 5804899 7224804 8474085 10016301 11693296 13439442 15411207 17641234 20234498 23225549 26372524 29864833 33641563 37601885 0 378741 1156142 2056755 3259643 4033930 4122126 4351690 4739640 5391880 5968885 7570804 9021534 11226005 13316270 15868482 18726548 22037563 25695479 29517533 33505694 37563663 0 676270 1795134 3111463 4034367 4226545 4639770 5207661 5706642 6697912 8171708 9423513 11278605 13011172 15172759 17469439 19946122 22923625 26296453 29890174 33714143 37665556 0 781428 1830776 3171660 4108653 4588682 5195682 5682159 6579717 7872701 9044041 10710033 12300565 14025302 16028439 18152423 20601027 23459278 26654928 30123837 33843218 37706156 0 882233 2061549 3561401 4435170 5393181 6050221 7150889 8338454 9702335 11059227 12534863 14064366 15846690 17698532 19720092 21992756 24539595 27417678 30617910 34113577 37875448 0 891856 2083388 3484890 4529981 5494665 6479181 7696287 8906697 10277583 11588256 13015348 14520020 16313453 18076880 20160197 22489089 25123974 27943940 31141388 34665116 38410130 0 910914 2118377 3481995 4716211 5802420 6907743 8256013 9533171 10850454 12115631 13436547 14883035 16607060 18394894 20447688 22718242 25193290 27859917 30941860 34357031 38060751 0 855503 1998584 3202341 4471174 5641136 6880236 8189577 9529905 10884668 12217527 13703001 15191391 16681041 18393950 20423121 22685517 25157490 27819061 30871940 34275422 37936117 0 951342 2217162 3588614 4985020 6224952 7536456 8949789 10439932 11707428 13242452 14806135 16581685 18556012 20432344 22398924 24524616 26719762 29130280 31783045 34834779 38106559 0 1703453 3507887 5542392 7504487 9458276 11292327 13226059 15144387 17177204 19334979 21455390 23604582 25663156 27786934 29826765 31873208 33742540 35422196 36916453 38406440 39703773 
total number = 34824916864
edge error = 0
time = 512.468
time of io = 388.301
time of tc = 123.05
Input format: ./exe graph-file-name (json formated file)
/home/huyang/data/twitter_mpi/2d
N1 27 N2 14
0 407806 1074471 2082077 3334381 4511585 5905787 7346291 9200372 10920295 12792315 14810630 16972975 19149679 21258089 23481313 25620078 27870174 30009990 32110000 34278526 36932497 39753577 42470106 44857782 46995221 49222339 0 365518 1020453 2036595 3371062 4614668 6054570 7684970 9538132 11369440 13287856 15387561 17633172 19859559 22081973 24276001 26489192 28712033 30787630 32776157 34820386 37548041 40397983 42768127 45052812 47086118 49236474 0 29774 127377 150474 217948 351781 504409 717948 1043235 1444853 2222039 3462534 5314565 7493351 10047987 12824052 15754727 18932710 22211148 25523134 28847181 32044218 35301191 38916210 42483879 45755531 48831657 0 172130 498206 1031681 1835514 3030182 4363575 5971315 7659554 9613576 11678803 13746658 16049417 18394905 20759357 23220003 25568566 28002535 30238550 32379395 34532761 37189299 40104915 42636916 44975390 47031808 49200310 0 105886 187884 350971 545078 810712 1183299 1678542 2404452 3346673 4644998 6212070 7813976 9709994 11725986 13952426 16350440 18944103 21771804 24810485 28065374 31406853 34772512 38483142 42201651 45663153 48926515 0 76826 147158 180069 261173 427919 545540 759119 1062085 1387711 1905433 2749798 4041892 5711261 7767472 10146589 12726142 15579238 18708674 22055695 25579118 29252506 32998480 36877850 40850692 44786885 48600107 0 158674 327690 517578 759477 1064420 1438862 1916490 2581211 3389050 4539965 5840988 7373942 9039239 10987651 13082990 15360094 17886489 20688988 23710858 26971870 30405985 33906843 37675621 41507581 45245699 48744128 0 192179 404856 581193 809091 1097627 1459995 1897209 2503201 3236317 4300062 5505313 6974929 8536440 10457422 12480585 14811628 17385539 20258817 23388938 26729612 30225403 33784071 37533287 41389328 45169432 48702356 0 322301 620011 949925 1286701 1691833 2206560 2825555 3718909 4600195 5742635 7082674 8467473 10155524 11894880 13928986 16155038 18659121 21424201 24420849 27634803 30974080 34373902 38062011 41826605 45424115 48796046 0 539857 1046320 1587315 2127735 2732182 3435698 4407279 5438764 6621320 7786030 9097148 10604598 12167446 13966849 15912270 18087888 20508064 23132112 25958779 29002764 32064666 35235464 38771777 42376953 45686308 48896239 0 909156 1735637 2600417 3476626 4515098 5555232 6705083 7729952 8951042 10368489 11760901 13318616 15000843 16798683 18789600 20910295 23185888 25613173 28272122 30924925 33673106 36613416 39873373 43114227 46114949 49072593 0 1246795 2368970 3543557 4801480 6176585 7475194 8790847 10175619 11565670 13030120 14574472 16252461 18043796 19917745 21906206 23951022 26102200 28403640 30661595 32923171 35205806 37905047 40799493 43613162 46382789 49197503 0 1856430 3487801 5027696 6608937 8322354 9996549 11766688 13494123 15280549 17014768 18795367 20536882 22346436 24094808 25751759 27504023 29463776 31226575 33082342 34883687 36848877 38928806 41198074 43584900 46306947 49152794 0 2100672 3811162 5597102 7309594 9153292 10997119 12845761 14781261 16745510 18741453 20722000 22767521 24695753 26604289 28279182 29803297 31298179 32876986 34422093 35974765 37756893 39857982 42114493 44320646 46760628 49500757 
total number = 55428217664
edge error = 0
time = 671.614
time of io = 493.422
time of tc = 176.72
Input format: ./exe graph-file-name (json formated file)
/home/huyang/data/wikipedia_link_en/2d
N1 8 N2 6
0 356139 1276742 2510905 3954517 5651031 7373800 9269394 0 541951 1395484 2551135 3972988 5640761 7370883 9253613 0 875002 1757172 2941112 4343155 5889884 7530605 9331067 0 1171666 2370541 3410893 4421976 5923688 7583513 9406777 0 1429117 3151258 4499371 5106066 6200275 7487901 9341055 0 1579016 3407252 5452526 7297815 8615838 9596509 10394741 
total number = 10494607772
edge error = 0
time = 41.1074
time of io = 30.5546
time of tc = 10.4878
Input format: ./exe graph-file-name (json formated file)
/home/huyang/data/RMAT/2d
N1 6 N2 6
0 356826 888888 1504021 2189011 2963859 0 392586 1002885 1557632 2257957 3013572 0 332124 1010883 1534701 2195939 3020538 0 293487 789779 1459140 2199237 2843921 0 272263 666749 1255709 2047127 2629169 0 255379 605552 1079699 1599614 2504769 
total number = 2102949738
edge error = 0
time = 58.2163
time of io = 25.6823
time of tc = 32.4866
Input format: ./exe graph-file-name (json formated file)
/home/huyang/data/random/2d
N1 7 N2 6
0 559693 1133396 1707611 2282307 2856824 3430590 0 554163 1114322 1690547 2269387 2847959 3426227 0 558396 1116943 1678360 2257084 2839771 3421831 0 562317 1124483 1686700 2251096 2831296 3417999 0 566070 1132663 1698544 2265577 2832351 3414292 0 570070 1140014 1709791 2280380 2850573 3420871 
total number = 349162
edge error = 0
time = 38.0726
time of io = 28.5086
time of tc = 9.48583
Input format: ./exe graph-file-name (json formated file)
/home/huyang/data/kron1/2d
N1 6 N2 6
0 697896 1392241 2094030 2794087 3497110 0 697396 1391280 2093219 2793280 3496591 0 697554 1391145 2092963 2792770 3496437 0 697623 1391593 2092856 2792538 3496234 0 697999 1391772 2093600 2792864 3496339 0 697984 1392168 2094080 2793629 3496132 
total number = 37179588107
edge error = 0
time = 92.0414
time of io = 24.7159
time of tc = 67.2495
Input format: ./exe graph-file-name (json formated file)
/home/huyang/data/kron2/2d
N1 16 N2 8
0 2072553 4194371 6285151 8383745 10467097 12570441 14639969 16753334 18864544 20958864 23048294 25167142 27281531 29353653 31440369 0 2072406 4193396 6282506 8379522 10463203 12568178 14636489 16750172 18861385 20955944 23045050 25164511 27280259 29351888 31439072 0 2073083 4194349 6282756 8378058 10459204 12564046 14632569 16747245 18858816 20953297 23044356 25163784 27278406 29350344 31438384 0 2073048 4195166 6284020 8379765 10459764 12562155 14629437 16743729 18855604 20952035 23040976 25161225 27278129 29350983 31438449 0 2073592 4195224 6285100 8382436 10463805 12565824 14631561 16744020 18854663 20949207 23039468 25161127 27277920 29350079 31437566 0 2074420 4195166 6285450 8382814 10464790 12566598 14634443 16745823 18856375 20948407 23036695 25157643 27274938 29349753 31438997 0 2074339 4197360 6286910 8383742 10465955 12569867 14637001 16750198 18861035 20954094 23042071 25160802 27276053 29348980 31437947 0 2074464 4197400 6287641 8385877 10469039 12572615 14640541 16753153 18864069 20957705 23046084 25165092 27278715 29350719 31437557 
total number = 22535831016
edge error = 0
time = 215.309
time of io = 94.9573
time of tc = 119.689
