Input format: ./exe graph-file-name (json formated file)
read from folder /home/huyang/data/facebook/
vert:96079681  edge: 1241005762
GPU  NUMBER = 1
PART NUMBER = 1
rank by degree
upper Edge Count= 620502881
pre-processing time = 8.22703
GPU 0 time = 11.1713
total count 3145181295
total time  11.1714 seconds
copy time  1.23187 seconds
GPU 0 time = 10.2552
total count 3145181295
total time  10.2553 seconds
copy time  0.578879 seconds
GPU 0 time = 10.2522
total count 3145181295
total time  10.2523 seconds
copy time  0.579928 seconds
GPU 0 time = 10.349
total count 3145181295
total time  10.349 seconds
copy time  0.607115 seconds
GPU 0 time = 10.2521
total count 3145181295
total time  10.2522 seconds
copy time  0.587628 seconds
merge average time of 5 round = 10.456
Input format: ./exe graph-file-name (json formated file)
read from folder /home/huyang/data/orkut/
vert:8730857  edge: 654072972
GPU  NUMBER = 1
PART NUMBER = 1
rank by degree
upper Edge Count= 327036486
pre-processing time = 0.972618
GPU 0 time = 10.9013
total count 223127577
total time  10.9014 seconds
copy time  0.571925 seconds
GPU 0 time = 10.398
total count 223127577
total time  10.3981 seconds
copy time  0.320883 seconds
GPU 0 time = 10.3498
total count 223127577
total time  10.3499 seconds
copy time  0.306799 seconds
GPU 0 time = 10.3007
total count 223127577
total time  10.3007 seconds
copy time  0.302981 seconds
GPU 0 time = 10.292
total count 223127577
total time  10.2921 seconds
copy time  0.306598 seconds
merge average time of 5 round = 10.4484
Input format: ./exe graph-file-name (json formated file)
read from folder /home/huyang/data/twitter/
vert:41652230  edge: 2405026092
GPU  NUMBER = 1
PART NUMBER = 1
rank by degree
upper Edge Count= 1202513046
pre-processing time = 8.91677
GPU 0 time = 93.0923
total count 34824916864
total time  93.0924 seconds
copy time  1.35908 seconds
GPU 0 time = 92.8485
total count 34824916864
total time  92.8486 seconds
copy time  1.52103 seconds
GPU 0 time = 92.7327
total count 34824916864
total time  92.7327 seconds
copy time  1.23138 seconds
GPU 0 time = 92.7001
total count 34824916864
total time  92.7002 seconds
copy time  1.11959 seconds
GPU 0 time = 92.5576
total count 34824916864
total time  92.5577 seconds
copy time  1.13144 seconds
merge average time of 5 round = 92.7863
Input format: ./exe graph-file-name (json formated file)
read from folder /home/huyang/data/wikipedia_link_en/
vert:11196007  edge: 516755784
GPU  NUMBER = 1
PART NUMBER = 1
rank by degree
upper Edge Count= 258377892
pre-processing time = 1.4978
GPU 0 time = 8.71584
total count 10494607772
total time  8.71594 seconds
copy time  0.3767 seconds
GPU 0 time = 8.33987
total count 10494607772
total time  8.33991 seconds
copy time  0.257256 seconds
GPU 0 time = 8.30605
total count 10494607772
total time  8.30612 seconds
copy time  0.264431 seconds
GPU 0 time = 8.18473
total count 10494607772
total time  8.18477 seconds
copy time  0.253729 seconds
GPU 0 time = 8.22821
total count 10494607772
total time  8.22826 seconds
copy time  0.25679 seconds
merge average time of 5 round = 8.355
Input format: ./exe graph-file-name (json formated file)
read from folder /home/huyang/data/RMAT/
vert:3999983  edge: 506192270
GPU  NUMBER = 1
PART NUMBER = 1
rank by degree
upper Edge Count= 253096135
pre-processing time = 0.694078
GPU 0 time = 25.2174
total count 2102949738
total time  25.2174 seconds
copy time  0.467899 seconds
GPU 0 time = 25.003
total count 2102949738
total time  25.0031 seconds
copy time  0.237406 seconds
GPU 0 time = 24.8736
total count 2102949738
total time  24.8736 seconds
copy time  0.246798 seconds
GPU 0 time = 24.8718
total count 2102949738
total time  24.8718 seconds
copy time  0.239044 seconds
GPU 0 time = 24.7353
total count 2102949738
total time  24.7353 seconds
copy time  0.236135 seconds
merge average time of 5 round = 24.9402
Input format: ./exe graph-file-name (json formated file)
read from folder /home/huyang/data/random/
vert:4000000  edge: 511991840
GPU  NUMBER = 1
PART NUMBER = 1
rank by degree
upper Edge Count= 255995920
pre-processing time = 0.975905
GPU 0 time = 5.97645
total count 349162
total time  5.97654 seconds
copy time  0.427587 seconds
GPU 0 time = 5.52239
total count 349162
total time  5.52245 seconds
copy time  0.253716 seconds
GPU 0 time = 5.51551
total count 349162
total time  5.51556 seconds
copy time  0.261689 seconds
GPU 0 time = 5.50108
total count 349162
total time  5.50114 seconds
copy time  0.243767 seconds
GPU 0 time = 5.50757
total count 349162
total time  5.50761 seconds
copy time  0.240036 seconds
merge average time of 5 round = 5.60466
Input format: ./exe graph-file-name (json formated file)
read from folder /home/huyang/data/kron1/
vert:4194303  edge: 484075246
GPU  NUMBER = 1
PART NUMBER = 1
rank by degree
upper Edge Count= 242037623
pre-processing time = 0.733877
GPU 0 time = 61.4822
total count 37179588107
total time  61.4823 seconds
copy time  0.421814 seconds
GPU 0 time = 60.9563
total count 37179588107
total time  60.9563 seconds
copy time  0.231091 seconds
GPU 0 time = 61.2091
total count 37179588107
total time  61.2091 seconds
copy time  0.230494 seconds
GPU 0 time = 61.2447
total count 37179588107
total time  61.2447 seconds
copy time  0.241195 seconds
GPU 0 time = 61.2062
total count 37179588107
total time  61.2063 seconds
copy time  0.228085 seconds
merge average time of 5 round = 61.2197
Input format: ./exe graph-file-name (json formated file)
read from folder /home/huyang/data/kron2/
vert:33554432  edge: 1047222006
GPU  NUMBER = 1
PART NUMBER = 1
rank by degree
upper Edge Count= 523611003
pre-processing time = 5.28275
GPU 0 time = 72.4671
total count 22535831016
total time  72.4672 seconds
copy time  0.495126 seconds
GPU 0 time = 72.1952
total count 22535831016
total time  72.1953 seconds
copy time  0.491534 seconds
GPU 0 time = 72.1399
total count 22535831016
total time  72.1399 seconds
copy time  0.506794 seconds
GPU 0 time = 72.0832
total count 22535831016
total time  72.0833 seconds
copy time  0.505448 seconds
GPU 0 time = 72.3245
total count 22535831016
total time  72.3246 seconds
copy time  0.505353 seconds
merge average time of 5 round = 72.242
