Input format: ./exe graph-file-name (json formated file)
read from folder /home/huyang/data/orkut/
vert:8730857  edge: 654072972
upper Edge Count= 327036486
total count = 223127577
GPU time = 9.97084 seconds
total time  15.1691 seconds
Input format: ./exe graph-file-name (json formated file)
read from folder /home/huyang/data/friendster/
vert:68349466  edge: 3623698684
upper Edge Count= 1811849342
out of memory in scan.cu at line 425
Input format: ./exe graph-file-name (json formated file)
read from folder /home/huyang/data/twitter/
vert:41652230  edge: 2405026092
upper Edge Count= 1202513046
out of memory in scan.cu at line 445
Input format: ./exe graph-file-name (json formated file)
read from folder /home/huyang/data/twitter_mpi/
vert:52579682  edge: 3228212374
upper Edge Count= 1614106187
out of memory in scan.cu at line 425
Input format: ./exe graph-file-name (json formated file)
read from folder /home/huyang/data/twitter_rv/
vert:61578403  edge: 2405026092
upper Edge Count= 1202513046
out of memory in scan.cu at line 445
Input format: ./exe graph-file-name (json formated file)
read from folder /home/huyang/data/wikipedia_link_en/
vert:11196007  edge: 516755784
upper Edge Count= 258377892
total count = 10494607772
GPU time = 8.04341 seconds
total time  11.0163 seconds
Input format: ./exe graph-file-name (json formated file)
read from folder /home/huyang/data/orkut/
vert:8730857  edge: 654072972
upper Edge Count= 327036486
total count = 223127577
GPU time = 9.74527 seconds
total time  14.2037 seconds
Input format: ./exe graph-file-name (json formated file)
read from folder /home/huyang/data/friendster/
vert:68349466  edge: 3623698684
upper Edge Count= 1811849342
out of memory in scan.cu at line 425
Input format: ./exe graph-file-name (json formated file)
read from folder /home/huyang/data/twitter/
vert:41652230  edge: 2405026092
upper Edge Count= 1202513046
out of memory in scan.cu at line 445
Input format: ./exe graph-file-name (json formated file)
read from folder /home/huyang/data/twitter_mpi/
vert:52579682  edge: 3228212374
upper Edge Count= 1614106187
out of memory in scan.cu at line 425
Input format: ./exe graph-file-name (json formated file)
read from folder /home/huyang/data/twitter_rv/
vert:61578403  edge: 2405026092
upper Edge Count= 1202513046
out of memory in scan.cu at line 445
Input format: ./exe graph-file-name (json formated file)
read from folder /home/huyang/data/wikipedia_link_en/
vert:11196007  edge: 516755784
upper Edge Count= 258377892
total count = 10494607772
GPU time = 8.13389 seconds
total time  11.0865 seconds
