Input format: ./exe graph-file-name (json formated file)
read from folder ../
vert:68349466  edge: 3623698684
PART NUMBER = 3
the partition number = 3
rank by degree
K=603949780
cut 603949934 at 7958563
K=1207899561
cut 1207900810 at 17019550
upper Edge Count= 1811849342
limit partition number 7
round 0 cut vert at 7873763 with size 252687975
round 0 cut vert at 14184763 with size 240065967
round 0 cut vert at 22757694 with size 222920070
round 0 cut vert at 7873762 with size 252687895
round 0 cut vert at 7873762 with size 91614913
round 0 cut vert at 7873762 with size 30293292
rem 1437253119 N 1
round 1 cut vert at 21712752 with size 493445455
round 1 cut vert at 18834846 with size 338128329
round 1 cut vert at 24744628 with size 264987031
round 1 cut vert at 18834845 with size 461830033
round 1 cut vert at 18834845 with size 338128244
round 1 cut vert at 18834845 with size 149052392
rem 862838510 N 2
round 2 cut vert at 68349466 with size 603949934
round 2 cut vert at 40770623 with size 562692232
round 2 cut vert at 32046262 with size 391065086
round 2 cut vert at 32046261 with size 560798817
round 2 cut vert at 32046261 with size 513909690
round 2 cut vert at 32046261 with size 391064915
rem 346075727 N 3
round 3 cut vert at 68349466 with size 603949934
round 3 cut vert at 68349466 with size 603950876
round 3 cut vert at 62988368 with size 597616332
round 3 cut vert at 62988367 with size 602866212
round 3 cut vert at 62988367 with size 601904679
round 3 cut vert at 62988367 with size 597616331
rem 9462119 N 4
round 4 cut vert at 68349466 with size 603949934
round 4 cut vert at 68349466 with size 603950876
round 4 cut vert at 68349466 with size 603948532
round 4 cut vert at 68349466 with size 603949934
round 4 cut vert at 68349466 with size 603950876
round 4 cut vert at 68349466 with size 603948532
rem 0 N 5
total round 5

N 5
metadata 5 3 0 7873762 18834845 32046261 62988367 68349466 
edge set 0-0 count 251014482
0	1
0	4
0	10
0	12
0	14
edge set 0-1 count 100546755
40	13310920
54	8735213
152	8073559
152	8136490
152	8146213
edge set 0-2 count 20393858
48	24909805
200	19164556
200	21509299
200	24887924
200	29946001
edge set 0-3 count 2611495
200	33289950
200	45298038
1027	34744178
1105	34732969
1108	32061832
edge set 0-4 count 29510
5585	67925360
5657	66593372
6576	64715008
12377	66007950
12378	66912497
edge set 1-0 count 205981113
7873762	483292
7873762	1130152
7873762	1395301
7873762	1537621
7873762	1577967
edge set 1-1 count 277071160
7873762	7912655
7873762	7995709
7873762	8037877
7873762	8103550
7873762	8127446
edge set 1-2 count 80442478
7873762	20114441
7873762	22695916
7873762	22735881
7873763	18998460
7873763	19098993
edge set 1-3 count 10837507
7873763	40118514
7873764	40913127
7873766	39908442
7873768	43646406
7873769	32482968
edge set 1-4 count 82311
7873818	63898563
7873837	66647610
7873912	65610696
7873926	63021558
7873930	64227169
edge set 2-0 count 97391823
18834845	69841
18834845	1046311
18834845	1111961
18834845	1150220
18834845	1240568
edge set 2-1 count 210786216
18834845	7913829
18834845	8097335
18834845	8244893
18834845	8245459
18834845	8245982
edge set 2-2 count 180288450
18834845	19113047
18834845	19413183
18834845	19707478
18834845	20069453
18834845	20646975
edge set 2-3 count 28202812
18834846	36954256
18834846	37720086
18834847	32832140
18834847	35199249
18834847	37554641
edge set 2-4 count 93452
18834930	64276938
18835112	65801932
18835333	64635548
18835584	66372302
18835801	64775380
edge set 3-0 count 41348889
32046261	2073424
32046261	2268039
32046261	2989573
32046261	3868626
32046261	4272569
edge set 3-1 count 106314406
32046261	8290432
32046261	8856735
32046261	13118010
32046261	13173356
32046261	13307017
edge set 3-2 count 125753872
32046261	18846636
32046261	18925583
32046261	19147821
32046261	19424672
32046261	19720927
edge set 3-3 count 63004064
32046261	32326102
32046261	32421332
32046261	32421356
32046261	32499452
32046261	32615476
edge set 3-4 count 192569
32046331	64613402
32046355	64604947
32046445	67685855
32046451	64035465
32046451	65676467
edge set 4-0 count 9462120
62988367	41849139
62988368	41849139
62988369	5833584
62988369	16465781
62988369	52848114
edge set 4-1 count 0
776763352	32760
776763352	32760
-1	32756
1635018093	1635017060
48	0
edge set 4-2 count 0
776763400	32760
776763400	32760
1397884616	32756
33	0
776763368	32760
edge set 4-3 count 0
776763368	32760
776763368	32760
1364313800	32756
33	0
776763320	32760
edge set 4-4 count 0
776763320	32760
776763320	32760
32	0
209	0
18923376	0
Input format: ./exe graph-file-name (json formated file)
read from folder ../
vert:8730857  edge: 654072972
PART NUMBER = 2
the partition number = 2
rank by degree
K=163518243
cut 163518706 at 175832
upper Edge Count= 327036486
limit partition number 2
round 0 cut vert at 8730857 with size 163518706
round 0 cut vert at 8730857 with size 163517780
round 0 cut vert at 8730857 with size 163518706
round 0 cut vert at 8730857 with size 163517780
rem 0 N 1
total round 1

N 1
metadata 1 2 0 8730857 
edge set 0-0 count 327036486
0	4
0	33
0	34
0	40
0	49
Input format: ./exe graph-file-name (json formated file)
read from folder ../
vert:41652230  edge: 2405026092
PART NUMBER = 3
the partition number = 3
rank by degree
K=400837682
cut 400838031 at 4072632
K=801675364
cut 801730266 at 9986330
upper Edge Count= 1202513046
limit partition number 5
round 0 cut vert at 6480533 with size 255474400
round 0 cut vert at 9793910 with size 248847644
round 0 cut vert at 14994364 with size 238446745
round 0 cut vert at 6480532 with size 255474377
round 0 cut vert at 6480532 with size 192265547
round 0 cut vert at 6480532 with size 113996206
rem 640776819 N 1
round 1 cut vert at 41652230 with size 400838031
round 1 cut vert at 38084642 with size 397492807
round 1 cut vert at 27752599 with size 339887597
round 1 cut vert at 27752598 with size 394424990
round 1 cut vert at 27752598 with size 385195854
round 1 cut vert at 27752598 with size 339887576
rem 83004594 N 2
round 2 cut vert at 41652230 with size 400838031
round 2 cut vert at 41652230 with size 400892235
round 2 cut vert at 41652230 with size 400782780
round 2 cut vert at 41652230 with size 400838031
round 2 cut vert at 41652230 with size 400892235
round 2 cut vert at 41652230 with size 400782780
rem 0 N 3
total round 3

N 3
metadata 3 3 0 6480532 27752598 41652230 
edge set 0-0 count 408525108
0	1
0	7
0	382
0	970
0	1436
edge set 0-1 count 133962230
0	8308219
1	8308219
1	10510941
1	16016289
2	17384047
edge set 0-2 count 19248792
4	31406004
6	32696498
6	34199012
8	31748089
9	30828777
edge set 1-0 count 269831610
6480532	970
6480532	1652
6480532	6174
6480532	10209
6480532	12276
edge set 1-1 count 234811846
6480532	6970095
6480532	7450694
6480532	7573931
6480532	8318869
6480532	8939935
edge set 1-2 count 53128834
6480532	29745273
6480532	31155150
6480532	32361294
6480532	33062245
6480532	34582915
edge set 2-0 count 83004626
27752598	302541
27752598	1264517
27752598	1404367
27752598	1451739
27752598	1894918
edge set 2-1 count 0
-1612081192	32660
-1612081192	32660
-1	32658
1635018093	1635017060
48	0
edge set 2-2 count 0
-1612080024	32660
-1612080024	32660
18805168	0
81	0
408525108	0
Input format: ./exe graph-file-name (json formated file)
read from folder ../
vert:52579682  edge: 3228212374
PART NUMBER = 3
the partition number = 3
rank by degree
K=538035395
cut 538037650 at 95469
K=1076070791
cut 1076071660 at 1858096
upper Edge Count= 1614106187
limit partition number 7
round 0 cut vert at 5872504 with size 256690466
round 0 cut vert at 2078547 with size 264278567
round 0 cut vert at 12579706 with size 243276054
round 0 cut vert at 2078546 with size 185003417
round 0 cut vert at 2078546 with size 264278159
round 0 cut vert at 2078546 with size 51098291
rem 1113725568 N 1
round 1 cut vert at 25023959 with size 407548359
round 1 cut vert at 21089939 with size 494691247
round 1 cut vert at 16406287 with size 290878336
round 1 cut vert at 16406286 with size 355502069
round 1 cut vert at 16406286 with size 475147146
round 1 cut vert at 16406286 with size 290878277
rem 492578505 N 2
round 2 cut vert at 52579682 with size 538037650
round 2 cut vert at 52579682 with size 538034010
round 2 cut vert at 43166180 with size 505794012
round 2 cut vert at 43166179 with size 496412654
round 2 cut vert at 43166179 with size 527997143
round 2 cut vert at 43166179 with size 505794006
rem 83902358 N 3
round 3 cut vert at 52579682 with size 538037650
round 3 cut vert at 52579682 with size 538034010
round 3 cut vert at 52579682 with size 538034527
round 3 cut vert at 52579682 with size 538037650
round 3 cut vert at 52579682 with size 538034010
round 3 cut vert at 52579682 with size 538034527
rem 0 N 4
total round 4

N 4
metadata 4 3 0 2078546 16406286 43166179 52579682 
edge set 0-0 count 453303991
0	1
1	70
1	191
1	234
1	238
edge set 0-1 count 39471010
2	2339075
2	2385529
2	2717985
2	3067509
2	3301282
edge set 0-2 count 6048374
2	36357627
3	33436570
4	19163953
5	17184956
5	22045059
edge set 0-3 count 1556492
5	45715284
5	47029958
18	50607945
21	45870048
22	50799815
edge set 1-0 count 390202263
2078546	70
2078546	234
2078546	238
2078546	242
2078546	322
edge set 1-1 count 164497018
2078546	2188092
2078546	2264632
2078546	2316521
2078546	2534099
2078546	2554322
edge set 1-2 count 53826600
2078546	23345427
2078546	26037566
2078546	27797535
2078546	32841514
2078547	17147288
edge set 1-3 count 12621744
2078547	45732508
2078547	48278011
2078548	45941362
2078550	46071182
2078551	45766741
edge set 2-0 count 196528048
16406286	191
16406286	361
16406286	362
16406286	399
16406286	530
edge set 2-1 count 94646929
16406286	2126492
16406286	2687631
16406286	3039439
16406286	3089530
16406286	3384352
edge set 2-2 count 102950860
16406286	18162931
16406286	22052211
16406286	22105960
16406286	23324469
16406286	23783202
edge set 2-3 count 14550474
16406286	44979549
16406286	45042898
16406286	45091868
16406286	45177143
16406286	45293034
edge set 3-0 count 83902384
43166179	530
43166179	1326
43166179	2786
43166179	2787
43166179	3097
edge set 3-1 count 0
2020997080	32755
2020997080	32755
-1	0
1635018093	1635017060
48	0
edge set 3-2 count 0
2020998184	32755
2020998184	32755
31994576	0
33	0
2020997048	32755
edge set 3-3 count 0
2020997048	32755
2020997048	32755
0	0
145	0
453303991	0
Input format: ./exe graph-file-name (json formated file)
read from folder ../
vert:11196007  edge: 516755784
PART NUMBER = 1
the partition number = 1
rank by degree
upper Edge Count= 258377892
limit partition number 1
round 0 cut vert at 10587910 with size 247259703
round 0 cut vert at 10587909 with size 247259628
rem 11118189 N 1
round 1 cut vert at 11196007 with size 258377892
round 1 cut vert at 11196007 with size 258377892
rem 0 N 2
total round 2

N 2
metadata 2 1 0 10587909 34083088 
edge set 0-0 count 244097609
0	4059
0	258629
0	273658
1	70
1	118
edge set 0-1 count 3162019
1	10955258
58	10600210
69	10955258
70	11046543
71	11129699
edge set 1-0 count 11118264
10587909	7287
10587909	9298
10587909	20220
10587909	31724
10587909	32196
edge set 1-1 count 0
-704763432	32701
-704763432	32701
-1	0
49	0
244097609	0
Input format: ./exe graph-file-name (json formated file)
read from folder ../
vert:4194303  edge: 484075246
PART NUMBER = 1
the partition number = 1
rank by degree
upper Edge Count= 242037623
limit partition number 1
round 0 cut vert at 4194303 with size 242037623
round 0 cut vert at 4194303 with size 242037623
rem 0 N 1
total round 1

N 1
metadata 1 1 0 32591 
edge set 0-0 count 242037623
0	9697
0	21170
0	27066
0	31374
0	39213
Input format: ./exe graph-file-name (json formated file)
read from folder ../
vert:33554432  edge: 1047222006
PART NUMBER = 2
the partition number = 2
rank by degree
K=261805501
cut 261811815 at 16510955
upper Edge Count= 523611003
limit partition number 2
round 0 cut vert at 27403822 with size 213627924
round 0 cut vert at 27400550 with size 213634362
round 0 cut vert at 27400549 with size 213602303
round 0 cut vert at 27400549 with size 213634356
rem 96374331 N 1
round 1 cut vert at 33554432 with size 261811815
round 1 cut vert at 33554432 with size 261799188
round 1 cut vert at 33554432 with size 261811815
round 1 cut vert at 33554432 with size 261799188
rem 0 N 2
total round 2

N 2
metadata 2 2 0 27400549 33554432 
edge set 0-0 count 345468544
0	20105
0	227360
0	519763
0	649584
0	650331
edge set 0-1 count 81768115
0	27454346
0	27544278
0	27611040
0	27802966
0	28167747
edge set 1-0 count 96374344
27400549	51822
27400549	678502
27400549	1559530
27400549	3556667
27400549	5167120
edge set 1-1 count 0
1095760008	32653
1095760008	32653
0	0
49	0
345468544	0
Input format: ./exe graph-file-name (json formated file)
read from folder ../
vert:3999983  edge: 506192270
PART NUMBER = 1
the partition number = 1
rank by degree
upper Edge Count= 253096135
limit partition number 1
round 0 cut vert at 3999983 with size 253096135
round 0 cut vert at 3999983 with size 253096135
rem 0 N 1
total round 1

N 1
metadata 1 1 0 32752 
edge set 0-0 count 253096135
1	0
1	3
1	7
1	15
1	30
Input format: ./exe graph-file-name (json formated file)
read from folder ../
vert:96079681  edge: 1241005762
PART NUMBER = 2
the partition number = 2
rank by degree
K=310251440
cut 310251684 at 1110939
upper Edge Count= 620502881
limit partition number 3
round 0 cut vert at 26837811 with size 214759839
round 0 cut vert at 29658497 with size 209118480
round 0 cut vert at 26837810 with size 214759832
round 0 cut vert at 26837810 with size 200405453
rem 205337585 N 1
round 1 cut vert at 96079681 with size 310251684
round 1 cut vert at 96079681 with size 310251197
round 1 cut vert at 96079681 with size 310251684
round 1 cut vert at 96079681 with size 310251197
rem 0 N 2
total round 2

N 2
metadata 2 2 0 26837810 96079681 
edge set 0-0 count 415126344
0	156278
0	183220
0	206181
0	222468
0	239876
edge set 0-1 count 38941
173295	26841410
173295	26841413
173430	26853599
173430	26853602
173493	26860010
edge set 1-0 count 205337596
26837810	173243
26837810	372591
26837810	410626
26837810	503748
26837810	508271
edge set 1-1 count 0
-1200637480	32753
-1200637480	32753
-1	0
49	0
415126344	0
Input format: ./exe graph-file-name (json formated file)
read from folder ../
vert:4000000  edge: 511991840
PART NUMBER = 1
the partition number = 1
rank by degree
upper Edge Count= 255995920
limit partition number 1
round 0 cut vert at 4000000 with size 255995920
round 0 cut vert at 4000000 with size 255995920
rem 0 N 1
total round 1

N 1
metadata 1 1 0 32663 
edge set 0-0 count 255995920
0	9770
0	71954
0	118235
0	141460
0	199162
