Input format: ./exe graph-file-name (json formated file)
read from folder /home/huyang/data/facebook/
vert:96079681  edge: 1241005762
rank-by-degree
upper Edge Count= 620502881
total count 3145181295
total time  8.64259 seconds
total count 3145181295
total time  7.09099 seconds
total count 3145181295
total time  7.10996 seconds
total count 3145181295
total time  6.9897 seconds
total count 3145181295
total time  6.98427 seconds
average time of 5 round = 7.3635
Input format: ./exe graph-file-name (json formated file)
read from folder /home/huyang/data/orkut/
vert:8730857  edge: 654072972
rank-by-degree
upper Edge Count= 327036486
total count 223127577
total time  5.79019 seconds
total count 223127577
total time  4.24127 seconds
total count 223127577
total time  4.22082 seconds
total count 223127577
total time  4.24999 seconds
total count 223127577
total time  4.27357 seconds
average time of 5 round = 4.55517
Input format: ./exe graph-file-name (json formated file)
read from folder /home/huyang/data/friendster/
vert:68349466  edge: 3623698684
rank-by-degree
upper Edge Count= 1811849342
total count 4176922719
total time  26.3883 seconds
total count 4176922719
total time  25.2411 seconds
total count 4176922719
total time  25.065 seconds
total count 4176922719
total time  25.211 seconds
total count 4176922719
total time  25.0892 seconds
average time of 5 round = 25.399
Input format: ./exe graph-file-name (json formated file)
read from folder /home/huyang/data/twitter/
vert:41652230  edge: 2405026092
rank-by-degree
upper Edge Count= 1202513046
total count 34824916864
total time  44.3583 seconds
total count 34824916864
total time  42.4924 seconds
total count 34824916864
total time  42.804 seconds
total count 34824916864
total time  42.7248 seconds
total count 34824916864
total time  42.6731 seconds
average time of 5 round = 43.0105
Input format: ./exe graph-file-name (json formated file)
read from folder /home/huyang/data/twitter_mpi/
vert:52579682  edge: 3228212374
rank-by-degree
upper Edge Count= 1614106187
total count 55428217664
total time  48.615 seconds
total count 55428217664
total time  47.3418 seconds
total count 55428217664
total time  47.0027 seconds
total count 55428217664
total time  47.1792 seconds
total count 55428217664
total time  47.0253 seconds
average time of 5 round = 47.4328
Input format: ./exe graph-file-name (json formated file)
read from folder /home/huyang/data/twitter_rv/
vert:61578403  edge: 2405026092
rank-by-degree
upper Edge Count= 1202513046
total count 34824916864
total time  32.5978 seconds
total count 34824916864
total time  31.001 seconds
total count 34824916864
total time  31.5451 seconds
total count 34824916864
total time  31.6615 seconds
total count 34824916864
total time  31.634 seconds
average time of 5 round = 31.6879
Input format: ./exe graph-file-name (json formated file)
read from folder /home/huyang/data/wikipedia_link_en/
vert:11196007  edge: 516755784
rank-by-degree
upper Edge Count= 258377892
total count 10494607772
total time  5.31829 seconds
total count 10494607772
total time  3.77271 seconds
total count 10494607772
total time  3.82637 seconds
total count 10494607772
total time  3.77893 seconds
total count 10494607772
total time  3.80043 seconds
average time of 5 round = 4.09934
Input format: ./exe graph-file-name (json formated file)
read from folder /home/huyang/data/RMAT/
vert:3999983  edge: 506192270
rank-by-degree
upper Edge Count= 253096135
total count 2102949738
total time  8.8884 seconds
total count 2102949738
total time  7.70434 seconds
total count 2102949738
total time  7.64038 seconds
total count 2102949738
total time  7.50917 seconds
total count 2102949738
total time  7.55095 seconds
average time of 5 round = 7.85865
Input format: ./exe graph-file-name (json formated file)
read from folder /home/huyang/data/random/
vert:4000000  edge: 511991840
rank-by-degree
upper Edge Count= 255995920
total count 349162
total time  4.40142 seconds
total count 349162
total time  2.86612 seconds
total count 349162
total time  2.90089 seconds
total count 349162
total time  2.87654 seconds
total count 349162
total time  2.90304 seconds
average time of 5 round = 3.1896
Input format: ./exe graph-file-name (json formated file)
read from folder /home/huyang/data/kron1/
vert:4194303  edge: 484075246
rank-by-degree
upper Edge Count= 242037623
total count 37179588107
total time  15.7994 seconds
total count 37179588107
total time  14.3735 seconds
total count 37179588107
total time  14.4928 seconds
total count 37179588107
total time  14.3685 seconds
total count 37179588107
total time  14.3738 seconds
average time of 5 round = 14.6816
Input format: ./exe graph-file-name (json formated file)
read from folder /home/huyang/data/kron2/
vert:33554432  edge: 1047222006
rank-by-degree
upper Edge Count= 523611003
total count 22535831016
total time  20.5347 seconds
total count 22535831016
total time  18.9089 seconds
total count 22535831016
total time  18.8107 seconds
total count 22535831016
total time  18.6318 seconds
total count 22535831016
total time  18.6592 seconds
average time of 5 round = 19.1091
