Input format: ./exe graph-file-name (json formated file)
read from folder /home/huyang/data/facebook/
vert:96079681  edge: 1241005762
no edge reduction
count of tc_edge = 833925024
Input format: ./exe graph-file-name (json formated file)
read from folder /home/huyang/data/orkut/
vert:8730857  edge: 654072972
no edge reduction
count of tc_edge = 253602568
Input format: ./exe graph-file-name (json formated file)
read from folder /home/huyang/data/friendster/
vert:68349466  edge: 3623698684
no edge reduction
count of tc_edge = -1400203798
Input format: ./exe graph-file-name (json formated file)
read from folder /home/huyang/data/twitter/
vert:41652230  edge: 2405026092
no edge reduction
count of tc_edge = 1687583684
Input format: ./exe graph-file-name (json formated file)
read from folder /home/huyang/data/twitter_mpi/
vert:52579682  edge: 3228212374
no edge reduction
count of tc_edge = -2067012600
Input format: ./exe graph-file-name (json formated file)
read from folder /home/huyang/data/twitter_rv/
vert:61578403  edge: 2405026092
no edge reduction
count of tc_edge = 1687583684
Input format: ./exe graph-file-name (json formated file)
read from folder /home/huyang/data/wikipedia_link_en/
vert:11196007  edge: 516755784
no edge reduction
count of tc_edge = 483390160
Input format: ./exe graph-file-name (json formated file)
read from folder /home/huyang/data/RMAT/
vert:3999983  edge: 506192270
no edge reduction
count of tc_edge = 453524024
Input format: ./exe graph-file-name (json formated file)
read from folder /home/huyang/data/random/
vert:4000000  edge: 511991840
no edge reduction
count of tc_edge = 2090676
Input format: ./exe graph-file-name (json formated file)
read from folder /home/huyang/data/kron1/
vert:4194303  edge: 484075246
no edge reduction
count of tc_edge = 465749086
Input format: ./exe graph-file-name (json formated file)
read from folder /home/huyang/data/kron2/
vert:33554432  edge: 1047222006
no edge reduction
count of tc_edge = 840536470
