Input format: ./exe graph-file-name (json formated file)
N1 17 N2 7
0 2676690 5090697 7992440 11299251 15006421 19040448 23434568 28138840 33137925 38451963 46526267 54785169 63044072 71302974 79561877 87820779 0 2766940 5683538 9314956 13469742 18109341 23260262 28802518 34714445 40352743 45072518 50052196 55336210 63044077 71302978 79561879 87820780 0 2693308 5593946 9224925 13380053 18039227 23171777 28708283 34627422 40879035 47375020 54134002 59716700 64897021 71302970 79561874 87820778 0 2748883 5639321 9261312 13405323 18057479 23187824 28712167 34625928 40866559 47316038 54077016 61065813 68251511 73447482 79561887 87820784 0 2709045 5580093 9177197 13299151 17953427 23094723 28649141 34576908 40831703 47336883 54102171 61075629 68270268 75609395 81385389 87820742 0 2710026 5598210 9221012 13398989 18084108 23230854 28802108 34736549 40973227 47490667 54265924 61227935 68398567 75724235 83193213 88971329 0 1794057 4390965 7967275 12144098 16895689 22145869 27788841 33818794 40162343 46750004 53596813 60644702 67901221 75304473 82844289 90496822 
total number = 3145181295
edge error = 0
time = 136.651
time of io = 120.826
time of tc = 14.9672
Input format: ./exe graph-file-name (json formated file)
N1 5 N2 5
0 809779 1310599 1752533 2525160 0 1079658 1391113 1682766 2503170 0 1072175 1374296 1665745 2499766 0 675691 1276155 1913493 3390208 0 528387 1241511 2516864 4858688 
total number = 223127577
edge error = 0
time = 44.9794
time of io = 36.761
time of tc = 8.10099
Input format: ./exe graph-file-name (json formated file)
N1 18 N2 11
0 845240 1486807 2389044 3541681 4831310 6510686 8510979 10925994 13875225 17443247 21347143 25829254 31210474 37347988 44416204 52107955 60141950 0 2236237 3704116 4849025 6046389 7509101 9197809 11159455 13462129 16184554 19294144 22783664 27020643 32035972 37943645 44759105 52257417 60193026 0 3152973 4949507 6139096 7459580 8996532 10677946 12550734 14694862 17175353 20111476 23595375 27723791 32596604 38432521 45066429 52386783 60234530 0 3598923 5700682 7329661 8870498 10561304 12375100 14352106 16557326 19028688 21819716 25129989 28957760 33553326 39078685 45431203 52542815 60281140 0 4015857 6365271 8292331 10007254 11775898 13702395 15756672 18004351 20439041 23167447 26375818 30031562 34444118 39721981 45819628 52711416 60328460 0 4439237 7019727 9172604 11120965 12939017 14939877 17045091 19295619 21730486 24495241 27619841 31156826 35470602 40511411 46322007 52939002 60396445 0 4756624 7665065 10057280 12253398 14292333 16330611 18518552 20783928 23205490 25949937 28962468 32390271 36558795 41346383 46865987 53201475 60474024 0 5139936 8495926 11197622 13707773 16112054 18265085 20323439 22411420 24637804 27275082 30132129 33307993 37241322 41886431 47212446 53386715 60519771 0 5626418 9594779 12894231 15931116 18634861 20700045 22510448 24325041 26547134 29007052 31506160 34214842 37703224 42117900 47279288 53426945 60503596 0 6141580 10584351 14299249 17671041 20446634 22720468 24713652 26966207 29244299 31509260 33800983 36496108 39979709 43990272 48612183 54199999 60752804 0 6731802 11945131 16404149 20270860 23436230 26315171 29159568 31629840 33953135 36404424 39303957 42344217 45560651 49061618 53023248 57457016 62410391 
total number = 4176922719
edge error = 0
time = 573.496
time of io = 460.916
time of tc = 109.816
Input format: ./exe graph-file-name (json formated file)
N1 13 N2 9
0 681686 1779263 3135141 4143159 5184864 6933337 9173774 11936187 15304248 19875636 26242446 33609315 0 883165 2163133 3738819 4643634 5788228 7934124 10313000 13099552 16336808 20888309 26675865 33687789 0 970849 2215553 3684265 4221863 4712573 5745410 7974467 10922793 14590020 19454386 26034863 33593491 0 1209152 3150201 4145331 4682573 5669997 7471399 9770102 12688238 16311548 20606941 26639851 33818635 0 1765225 3850662 4853875 5775454 7506569 9523486 12026614 14748772 18103379 22209458 27562326 34298203 0 1502266 3652869 5355660 7010753 8960711 11130212 13473956 16252835 19449557 23530661 28494606 34803554 0 1614269 3727541 5605400 7517977 9667377 11720670 13970587 16613648 19846379 23778644 28477608 34633620 0 1520613 3522235 5556453 7668478 9881104 12089564 14596542 17346144 20473339 24238274 28754154 34634684 0 2705573 5616841 8606934 11530555 14636845 18044559 21689173 25323306 28889066 32432433 35704108 38493280 
total number = 34824916864
edge error = 0
time = 376.055
time of io = 272.551
time of tc = 102.393
Input format: ./exe graph-file-name (json formated file)
N1 16 N2 10
0 797728 2468443 4398899 6589414 9535914 12650015 15977317 19685356 23400725 27015516 30653480 34178818 38882614 43583255 47376866 0 132460 278832 645448 1311630 2833083 5236714 8569480 12528815 16950183 21866693 26895668 31660841 36569756 42345455 46952029 0 154477 481960 1065310 2200015 4179940 6878898 10257733 14167841 18552674 23214615 27926337 32301262 37123717 42604822 47013945 0 130469 207920 429658 693464 1131571 1840993 3217089 5690623 8992616 13183206 18166414 24105341 30827682 38050692 45477185 0 180823 431129 766152 1256931 1980619 3148121 5009081 7448733 10529656 14208067 18698287 24171814 30588514 37758928 45296177 0 324213 639671 1041926 1594166 2377099 3506747 5335554 7597007 10518645 14083084 18584087 24191997 30712666 37837239 45352730 0 614172 1246736 1948178 2844710 4203258 5799211 7835042 10272719 13108402 16597633 20988770 26256523 32225643 38916602 45737280 0 1344453 2638662 4143261 5746585 7517415 9510766 11781929 14424178 17444009 21013460 25089964 29799718 34705558 40751870 46384759 0 2244053 4402473 6691150 9117143 11563593 14147974 16894788 19815822 23009990 26410750 30020379 33512278 37337701 41999857 46824367 0 3350624 6134438 9134909 12226891 15394963 18710631 22015848 25051649 27892917 30509744 33174134 35775477 38800737 42731455 46990584 
total number = 55428217664
edge error = 0
time = 491.102
time of io = 352.347
time of tc = 137
Input format: ./exe graph-file-name (json formated file)
N1 6 N2 4
0 587293 1884325 3718073 5973368 8509361 0 978656 2261091 4045688 6217548 8599640 0 1729891 3375887 4547909 6003094 8525204 0 2074740 4655370 6739755 8566495 10024392 
total number = 10494607772
edge error = 0
time = 28.6978
time of io = 19.7535
time of tc = 8.81689
Input format: ./exe graph-file-name (json formated file)
N1 5 N2 4
0 466308 1110873 2003433 2753057 0 478387 1135692 2029786 2769570 0 344773 1011285 2043709 2600189 0 306697 780074 1336969 2211334 
total number = 2102949738
edge error = 0
time = 46.3338
time of io = 17.5929
time of tc = 28.6592
Input format: ./exe graph-file-name (json formated file)
N1 5 N2 4
0 783267 1587773 2393806 3199796 0 779226 1564882 2375173 3190092 0 787832 1575876 2366786 3181178 0 796622 1593015 2390104 3187533 
total number = 349162
edge error = 0
time = 26.7049
time of io = 18.557
time of tc = 8.04196
Input format: ./exe graph-file-name (json formated file)
N1 5 N2 4
0 839595 1670276 2513346 3358012 0 839273 1669398 2512420 3357628 0 839624 1669411 2512134 3357327 0 840026 1670532 2513227 3357372 
total number = 37179588107
edge error = 0
time = 72.4587
time of io = 16.7122
time of tc = 55.6657
Input format: ./exe graph-file-name (json formated file)
N1 10 N2 6
0 3343472 6709760 10033223 13392109 16749896 20120899 23468739 26866420 30170113 0 3343882 6707243 10025842 13386401 16744503 20116131 23464199 26864575 30166305 0 3344289 6707844 10024919 13381071 16738703 20111788 23461054 26861357 30166576 0 3344913 6710775 10029896 13385068 16739044 20109386 23458977 26861805 30166064 0 3345457 6710463 10031401 13388080 16743614 20113037 23457246 26857439 30165255 0 3347161 6714195 10035539 13394190 16749406 20120371 23465833 26862542 30166440 
total number = 22535831016
edge error = 0
time = 156.508
time of io = 60.1004
time of tc = 96.0799
